<?xml version="1.0" encoding="UTF-8"?>
<!-- Generated by org.testng.reporters.JUnitXMLReporter -->
<testsuite ignored="1" hostname="ITA-005" failures="0" tests="4" name="Surefire test" time="9.77" errors="0" timestamp="2023-08-19T19:52:49 IST">
  <testcase classname="tests.Test_Booker" name="createBooking" time="1.791"/>
  <testcase classname="tests.Test_Booker" name="getBooking" time="1.346"/>
  <testcase classname="tests.Test_Booker" name="updateBooking" time="1.413"/>
  <testcase classname="tests.Test_Booker" name="deleteBooking" time="1.32"/>
  <testcase classname="utils.TestBase" name="@BeforeTest initialSetup" time="0.0">
    <ignored/>
  </testcase> <!-- @BeforeTest initialSetup -->
</testsuite> <!-- Surefire test -->
