<?xml version="1.0" encoding="UTF-8"?>
<testsuite xmlns:xsi="http://www.w3.org/2001/XMLSchema-instance" xsi:noNamespaceSchemaLocation="https://maven.apache.org/surefire/maven-surefire-plugin/xsd/surefire-test-report-3.0.xsd" version="3.0" name="TestSuite" time="11.242" tests="4" errors="0" skipped="0" failures="0">
  <properties>
[...]
</properties>
  <testcase name="createBooking" classname="tests.Test_Booker" time="1.61">
    <system-out><![CDATA[Successfully generated the access token : 0a9c65070035771
2023-08-19 19:52:43 INFO  Listeners:23 - Test Started !!
{
    "bookingid": 910,
    "booking": {
        "firstname": "Brad",
        "lastname": "Pitt",
        "totalprice": 10000,
        "depositpaid": true,
        "bookingdates": {
            "checkin": "2023-01-30",
            "checkout": "2023-01-31"
        },
        "additionalneeds": "Breakfast"
    }
}
2023-08-19 19:52:44 INFO  Test_Booker:23 - Create Booking :: 
{
    "bookingid": 910,
    "booking": {
        "firstname": "Brad",
        "lastname": "Pitt",
        "totalprice": 10000,
        "depositpaid": true,
        "bookingdates": {
            "checkin": "2023-01-30",
            "checkout": "2023-01-31"
        },
        "additionalneeds": "Breakfast"
    }
}
]]></system-out>
    <system-err><![CDATA[SLF4J: Failed to load class "org.slf4j.impl.StaticLoggerBinder".
SLF4J: Defaulting to no-operation (NOP) logger implementation
SLF4J: See http://www.slf4j.org/codes.html#StaticLoggerBinder for further details.
]]></system-err>
  </testcase>
  <testcase name="getBooking" classname="tests.Test_Booker" time="1.395">
    <system-out><![CDATA[2023-08-19 19:52:44 INFO  Listeners:23 - Test Started !!
{
    "firstname": "James",
    "lastname": "Bond",
    "totalprice": 111,
    "depositpaid": true,
    "bookingdates": {
        "checkin": "2018-01-01",
        "checkout": "2019-01-01"
    },
    "additionalneeds": "Breakfast"
}
Booking details :: 
{
    "firstname": "James",
    "lastname": "Bond",
    "totalprice": 111,
    "depositpaid": true,
    "bookingdates": {
        "checkin": "2018-01-01",
        "checkout": "2019-01-01"
    },
    "additionalneeds": "Breakfast"
}
]]></system-out>
  </testcase>
  <testcase name="updateBooking" classname="tests.Test_Booker" time="1.367">
    <system-out><![CDATA[2023-08-19 19:52:46 INFO  Listeners:23 - Test Started !!
{
    "firstname": "James",
    "lastname": "Bond",
    "totalprice": 111,
    "depositpaid": true,
    "bookingdates": {
        "checkin": "2018-01-01",
        "checkout": "2019-01-01"
    },
    "additionalneeds": "Breakfast"
}
Updated Booking Details :: 
{
    "firstname": "James",
    "lastname": "Bond",
    "totalprice": 111,
    "depositpaid": true,
    "bookingdates": {
        "checkin": "2018-01-01",
        "checkout": "2019-01-01"
    },
    "additionalneeds": "Breakfast"
}
]]></system-out>
  </testcase>
  <testcase name="deleteBooking" classname="tests.Test_Booker" time="1.316">
    <system-out><![CDATA[2023-08-19 19:52:47 INFO  Listeners:23 - Test Started !!
]]></system-out>
  </testcase>
</testsuite>