<?xml version="1.0" encoding="UTF-8"?>
<testng-results ignored="0" total="4" passed="4" failed="0" skipped="0">
  <reporter-output>
  </reporter-output>
  <suite started-at="2023-08-19T19:52:39 IST" name="Surefire suite" finished-at="2023-08-19T19:52:49 IST" duration-ms="9770">
    <groups>
    </groups>
    <test started-at="2023-08-19T19:52:39 IST" name="Surefire test" finished-at="2023-08-19T19:52:49 IST" duration-ms="9770">
      <class name="tests.Test_Booker">
        <test-method is-config="true" signature="initialSetup()[pri:0, instance:tests.Test_Booker@61a88b8c]" started-at="2023-08-19T19:52:39 IST" name="initialSetup" finished-at="2023-08-19T19:52:43 IST" duration-ms="3855" status="PASS">
          <reporter-output>
          </reporter-output>
        </test-method> <!-- initialSetup -->
        <test-method signature="createBooking()[pri:1, instance:tests.Test_Booker@61a88b8c]" started-at="2023-08-19T19:52:43 IST" name="createBooking" description="Create new booking" finished-at="2023-08-19T19:52:44 IST" duration-ms="1791" status="PASS">
          <reporter-output>
          </reporter-output>
        </test-method> <!-- createBooking -->
        <test-method signature="getBooking()[pri:2, instance:tests.Test_Booker@61a88b8c]" started-at="2023-08-19T19:52:44 IST" name="getBooking" description="Get booking details" finished-at="2023-08-19T19:52:46 IST" duration-ms="1346" status="PASS">
          <reporter-output>
          </reporter-output>
        </test-method> <!-- getBooking -->
        <test-method signature="updateBooking()[pri:3, instance:tests.Test_Booker@61a88b8c]" started-at="2023-08-19T19:52:46 IST" name="updateBooking" description="Update the booking details" finished-at="2023-08-19T19:52:47 IST" duration-ms="1413" status="PASS">
          <reporter-output>
          </reporter-output>
        </test-method> <!-- updateBooking -->
        <test-method signature="deleteBooking()[pri:4, instance:tests.Test_Booker@61a88b8c]" started-at="2023-08-19T19:52:47 IST" name="deleteBooking" description="Delete booking" finished-at="2023-08-19T19:52:49 IST" duration-ms="1320" status="PASS">
          <reporter-output>
          </reporter-output>
        </test-method> <!-- deleteBooking -->
      </class> <!-- tests.Test_Booker -->
    </test> <!-- Surefire test -->
  </suite> <!-- Surefire suite -->
</testng-results>
